#
# There is insufficient memory for the Java Runtime Environment to continue.
# Native memory allocation (malloc) failed to allocate 224176 bytes for Chunk::new
# Possible reasons:
#   The system is out of physical RAM or swap space
#   The process is running with CompressedOops enabled, and the Java Heap may be blocking the growth of the native heap
# Possible solutions:
#   Reduce memory load on the system
#   Increase physical memory or swap space
#   Check if swap backing store is full
#   Decrease Java heap size (-Xmx/-Xms)
#   Decrease number of Java threads
#   Decrease Java thread stack sizes (-Xss)
#   Set larger code cache with -XX:ReservedCodeCacheSize=
#   JVM is running with Unscaled Compressed Oops mode in which the Java heap is
#     placed in the first 4GB address space. The Java Heap base address is the
#     maximum limit for the native heap growth. Please use -XX:HeapBaseMinAddress
#     to set the Java Heap base and to place the Java Heap above 4GB virtual address.
# This output file may be truncated or incomplete.
#
#  Out of Memory Error (./open/src/hotspot/share/memory/arena.cpp:197), pid=17936, tid=22800
#
# JRE version: Java(TM) SE Runtime Environment 18.9 (11.0.14+8) (build 11.0.14+8-LTS-263)
# Java VM: Java HotSpot(TM) 64-Bit Server VM 18.9 (11.0.14+8-LTS-263, mixed mode, tiered, compressed oops, g1 gc, windows-amd64)
# No core dump will be written. Minidumps are not enabled by default on client versions of Windows
#

---------------  S U M M A R Y ------------

Command Line: -Xmx64m -Xms64m -Dorg.gradle.appname=gradlew org.gradle.wrapper.GradleWrapperMain app:installDebug -PreactNativeDevServerPort=8081

Host: Intel(R) Core(TM) i7-1065G7 CPU @ 1.30GHz, 8 cores, 15G,  Windows 10 , 64 bit Build 19041 (10.0.19041.4597)
Time: Thu Aug  1 12:07:06 2024 Pakistan Standard Time elapsed time: 15.226185 seconds (0d 0h 0m 15s)

---------------  T H R E A D  ---------------

Current thread (0x0000027d12302800):  JavaThread "C2 CompilerThread0" daemon [_thread_in_native, id=22800, stack(0x00000087ef500000,0x00000087ef600000)]


Current CompileTask:
C2:  15226 1293 % !   4       java.io.BufferedReader::readLine @ 131 (304 bytes)

Stack: [0x00000087ef500000,0x00000087ef600000]
Native frames: (J=compiled Java code, j=interpreted, Vv=VM code, C=native code)
V  [jvm.dll+0x6296da]
V  [jvm.dll+0x76323f]
V  [jvm.dll+0x7648e9]
V  [jvm.dll+0x764f73]
V  [jvm.dll+0x23d7c8]
V  [jvm.dll+0xb297c]
V  [jvm.dll+0xb2f3c]
V  [jvm.dll+0x340e97]
V  [jvm.dll+0x30e803]
V  [jvm.dll+0x30db4a]
V  [jvm.dll+0x1f8365]
V  [jvm.dll+0x1f754d]
V  [jvm.dll+0x177b21]
V  [jvm.dll+0x206e26]
V  [jvm.dll+0x204fbb]
V  [jvm.dll+0x729170]
V  [jvm.dll+0x721d44]
V  [jvm.dll+0x6285d6]
C  [ucrtbase.dll+0x21bb2]
C  [KERNEL32.DLL+0x17374]
C  [ntdll.dll+0x4cc91]


---------------  P R O C E S S  ---------------

Threads class SMR info:
_java_thread_list=0x0000027d1325a550, length=12, elements={
0x0000027d78485000, 0x0000027d122c1800, 0x0000027d122e3000, 0x0000027d12354000,
0x0000027d12357000, 0x0000027d122ff000, 0x0000027d12302800, 0x0000027d12309800,
0x0000027d12358000, 0x0000027d125de800, 0x0000027d12b09800, 0x0000027d133ea000
}

Java Threads: ( => current thread )
  0x0000027d78485000 JavaThread "main" [_thread_blocked, id=15176, stack(0x00000087ee900000,0x00000087eea00000)]
  0x0000027d122c1800 JavaThread "Reference Handler" daemon [_thread_blocked, id=23372, stack(0x00000087ef000000,0x00000087ef100000)]
  0x0000027d122e3000 JavaThread "Finalizer" daemon [_thread_blocked, id=23044, stack(0x00000087ef100000,0x00000087ef200000)]
  0x0000027d12354000 JavaThread "Signal Dispatcher" daemon [_thread_blocked, id=22568, stack(0x00000087ef200000,0x00000087ef300000)]
  0x0000027d12357000 JavaThread "Attach Listener" daemon [_thread_blocked, id=13504, stack(0x00000087ef300000,0x00000087ef400000)]
  0x0000027d122ff000 JavaThread "Service Thread" daemon [_thread_blocked, id=12444, stack(0x00000087ef400000,0x00000087ef500000)]
=>0x0000027d12302800 JavaThread "C2 CompilerThread0" daemon [_thread_in_native, id=22800, stack(0x00000087ef500000,0x00000087ef600000)]
  0x0000027d12309800 JavaThread "C1 CompilerThread0" daemon [_thread_blocked, id=5924, stack(0x00000087ef600000,0x00000087ef700000)]
  0x0000027d12358000 JavaThread "Sweeper thread" daemon [_thread_blocked, id=11720, stack(0x00000087ef700000,0x00000087ef800000)]
  0x0000027d125de800 JavaThread "Common-Cleaner" daemon [_thread_blocked, id=23492, stack(0x00000087ef900000,0x00000087efa00000)]
  0x0000027d12b09800 JavaThread "DisconnectableInputStream source reader" daemon [_thread_in_native, id=21540, stack(0x00000087efd00000,0x00000087efe00000)]
  0x0000027d133ea000 JavaThread "C2 CompilerThread1" daemon [_thread_blocked, id=10252, stack(0x00000087efe00000,0x00000087eff00000)]

Other Threads:
  0x0000027d122bf000 VMThread "VM Thread" [stack: 0x00000087eef00000,0x00000087ef000000] [id=16444]
  0x0000027d125dc800 WatcherThread [stack: 0x00000087ef800000,0x00000087ef900000] [id=12532]
  0x0000027d78498800 GCTaskThread "GC Thread#0" [stack: 0x00000087eea00000,0x00000087eeb00000] [id=23004]
  0x0000027d13ade000 GCTaskThread "GC Thread#1" [stack: 0x00000087efb00000,0x00000087efc00000] [id=12828]
  0x0000027d7849f000 ConcurrentGCThread "G1 Main Marker" [stack: 0x00000087eeb00000,0x00000087eec00000] [id=20564]
  0x0000027d784a2800 ConcurrentGCThread "G1 Conc#0" [stack: 0x00000087eec00000,0x00000087eed00000] [id=22992]
  0x0000027d78508800 ConcurrentGCThread "G1 Refine#0" [stack: 0x00000087eed00000,0x00000087eee00000] [id=7324]
  0x0000027d7850b800 ConcurrentGCThread "G1 Young RemSet Sampling" [stack: 0x00000087eee00000,0x00000087eef00000] [id=8688]

Threads with active compile tasks:
C2 CompilerThread0  15263 1293 % !   4       java.io.BufferedReader::readLine @ 131 (304 bytes)

VM state:not at safepoint (normal execution)

VM Mutex/Monitor currently owned by a thread: None

Heap address: 0x00000000fc000000, size: 64 MB, Compressed Oops mode: 32-bit
Narrow klass base: 0x0000000000000000, Narrow klass shift: 3
Compressed class space size: 1073741824 Address: 0x0000000100000000

Heap:
 garbage-first heap   total 65536K, used 28856K [0x00000000fc000000, 0x0000000100000000)
  region size 1024K, 23 young (23552K), 3 survivors (3072K)
 Metaspace       used 15435K, capacity 15756K, committed 16000K, reserved 1062912K
  class space    used 1798K, capacity 1920K, committed 1920K, reserved 1048576K
Heap Regions: E=young(eden), S=young(survivor), O=old, HS=humongous(starts), HC=humongous(continues), CS=collection set, F=free, A=archive, TAMS=top-at-mark-start (previous, next)
|   0|0x00000000fc000000, 0x00000000fc000000, 0x00000000fc100000|  0%| F|  |TAMS 0x00000000fc000000, 0x00000000fc000000| Untracked 
|   1|0x00000000fc100000, 0x00000000fc100000, 0x00000000fc200000|  0%| F|  |TAMS 0x00000000fc100000, 0x00000000fc100000| Untracked 
|   2|0x00000000fc200000, 0x00000000fc200000, 0x00000000fc300000|  0%| F|  |TAMS 0x00000000fc200000, 0x00000000fc200000| Untracked 
|   3|0x00000000fc300000, 0x00000000fc400000, 0x00000000fc400000|100%|HS|  |TAMS 0x00000000fc300000, 0x00000000fc300000| Complete 
|   4|0x00000000fc400000, 0x00000000fc500000, 0x00000000fc500000|100%|HC|  |TAMS 0x00000000fc400000, 0x00000000fc400000| Complete 
|   5|0x00000000fc500000, 0x00000000fc600000, 0x00000000fc600000|100%|HC|  |TAMS 0x00000000fc500000, 0x00000000fc500000| Complete 
|   6|0x00000000fc600000, 0x00000000fc700000, 0x00000000fc700000|100%| O|  |TAMS 0x00000000fc600000, 0x00000000fc600000| Untracked 
|   7|0x00000000fc700000, 0x00000000fc800000, 0x00000000fc800000|100%| O|  |TAMS 0x00000000fc700000, 0x00000000fc700000| Untracked 
|   8|0x00000000fc800000, 0x00000000fc900000, 0x00000000fc900000|100%| O|  |TAMS 0x00000000fc800000, 0x00000000fc800000| Untracked 
|   9|0x00000000fc900000, 0x00000000fc92e000, 0x00000000fca00000| 17%| O|  |TAMS 0x00000000fc900000, 0x00000000fc900000| Untracked 
|  10|0x00000000fca00000, 0x00000000fca00000, 0x00000000fcb00000|  0%| F|  |TAMS 0x00000000fca00000, 0x00000000fca00000| Untracked 
|  11|0x00000000fcb00000, 0x00000000fcb00000, 0x00000000fcc00000|  0%| F|  |TAMS 0x00000000fcb00000, 0x00000000fcb00000| Untracked 
|  12|0x00000000fcc00000, 0x00000000fcc00000, 0x00000000fcd00000|  0%| F|  |TAMS 0x00000000fcc00000, 0x00000000fcc00000| Untracked 
|  13|0x00000000fcd00000, 0x00000000fcd00000, 0x00000000fce00000|  0%| F|  |TAMS 0x00000000fcd00000, 0x00000000fcd00000| Untracked 
|  14|0x00000000fce00000, 0x00000000fce00000, 0x00000000fcf00000|  0%| F|  |TAMS 0x00000000fce00000, 0x00000000fce00000| Untracked 
|  15|0x00000000fcf00000, 0x00000000fcf00000, 0x00000000fd000000|  0%| F|  |TAMS 0x00000000fcf00000, 0x00000000fcf00000| Untracked 
|  16|0x00000000fd000000, 0x00000000fd000000, 0x00000000fd100000|  0%| F|  |TAMS 0x00000000fd000000, 0x00000000fd000000| Untracked 
|  17|0x00000000fd100000, 0x00000000fd100000, 0x00000000fd200000|  0%| F|  |TAMS 0x00000000fd100000, 0x00000000fd100000| Untracked 
|  18|0x00000000fd200000, 0x00000000fd200000, 0x00000000fd300000|  0%| F|  |TAMS 0x00000000fd200000, 0x00000000fd200000| Untracked 
|  19|0x00000000fd300000, 0x00000000fd300000, 0x00000000fd400000|  0%| F|  |TAMS 0x00000000fd300000, 0x00000000fd300000| Untracked 
|  20|0x00000000fd400000, 0x00000000fd400000, 0x00000000fd500000|  0%| F|  |TAMS 0x00000000fd400000, 0x00000000fd400000| Untracked 
|  21|0x00000000fd500000, 0x00000000fd500000, 0x00000000fd600000|  0%| F|  |TAMS 0x00000000fd500000, 0x00000000fd500000| Untracked 
|  22|0x00000000fd600000, 0x00000000fd600000, 0x00000000fd700000|  0%| F|  |TAMS 0x00000000fd600000, 0x00000000fd600000| Untracked 
|  23|0x00000000fd700000, 0x00000000fd700000, 0x00000000fd800000|  0%| F|  |TAMS 0x00000000fd700000, 0x00000000fd700000| Untracked 
|  24|0x00000000fd800000, 0x00000000fd800000, 0x00000000fd900000|  0%| F|  |TAMS 0x00000000fd800000, 0x00000000fd800000| Untracked 
|  25|0x00000000fd900000, 0x00000000fd900000, 0x00000000fda00000|  0%| F|  |TAMS 0x00000000fd900000, 0x00000000fd900000| Untracked 
|  26|0x00000000fda00000, 0x00000000fda00000, 0x00000000fdb00000|  0%| F|  |TAMS 0x00000000fda00000, 0x00000000fda00000| Untracked 
|  27|0x00000000fdb00000, 0x00000000fdb00000, 0x00000000fdc00000|  0%| F|  |TAMS 0x00000000fdb00000, 0x00000000fdb00000| Untracked 
|  28|0x00000000fdc00000, 0x00000000fdc00000, 0x00000000fdd00000|  0%| F|  |TAMS 0x00000000fdc00000, 0x00000000fdc00000| Untracked 
|  29|0x00000000fdd00000, 0x00000000fdd00000, 0x00000000fde00000|  0%| F|  |TAMS 0x00000000fdd00000, 0x00000000fdd00000| Untracked 
|  30|0x00000000fde00000, 0x00000000fde00000, 0x00000000fdf00000|  0%| F|  |TAMS 0x00000000fde00000, 0x00000000fde00000| Untracked 
|  31|0x00000000fdf00000, 0x00000000fdf00000, 0x00000000fe000000|  0%| F|  |TAMS 0x00000000fdf00000, 0x00000000fdf00000| Untracked 
|  32|0x00000000fe000000, 0x00000000fe000000, 0x00000000fe100000|  0%| F|  |TAMS 0x00000000fe000000, 0x00000000fe000000| Untracked 
|  33|0x00000000fe100000, 0x00000000fe100000, 0x00000000fe200000|  0%| F|  |TAMS 0x00000000fe100000, 0x00000000fe100000| Untracked 
|  34|0x00000000fe200000, 0x00000000fe200000, 0x00000000fe300000|  0%| F|  |TAMS 0x00000000fe200000, 0x00000000fe200000| Untracked 
|  35|0x00000000fe300000, 0x00000000fe300000, 0x00000000fe400000|  0%| F|  |TAMS 0x00000000fe300000, 0x00000000fe300000| Untracked 
|  36|0x00000000fe400000, 0x00000000fe400000, 0x00000000fe500000|  0%| F|  |TAMS 0x00000000fe400000, 0x00000000fe400000| Untracked 
|  37|0x00000000fe500000, 0x00000000fe600000, 0x00000000fe600000|100%| S|CS|TAMS 0x00000000fe500000, 0x00000000fe500000| Complete 
|  38|0x00000000fe600000, 0x00000000fe700000, 0x00000000fe700000|100%| S|CS|TAMS 0x00000000fe600000, 0x00000000fe600000| Complete 
|  39|0x00000000fe700000, 0x00000000fe800000, 0x00000000fe800000|100%| S|CS|TAMS 0x00000000fe700000, 0x00000000fe700000| Complete 
|  40|0x00000000fe800000, 0x00000000fe800000, 0x00000000fe900000|  0%| F|  |TAMS 0x00000000fe800000, 0x00000000fe800000| Untracked 
|  41|0x00000000fe900000, 0x00000000fe900000, 0x00000000fea00000|  0%| F|  |TAMS 0x00000000fe900000, 0x00000000fe900000| Untracked 
|  42|0x00000000fea00000, 0x00000000fea00000, 0x00000000feb00000|  0%| F|  |TAMS 0x00000000fea00000, 0x00000000fea00000| Untracked 
|  43|0x00000000feb00000, 0x00000000feb00000, 0x00000000fec00000|  0%| F|  |TAMS 0x00000000feb00000, 0x00000000feb00000| Untracked 
|  44|0x00000000fec00000, 0x00000000fec00800, 0x00000000fed00000|  0%| E|  |TAMS 0x00000000fec00000, 0x00000000fec00000| Complete 
|  45|0x00000000fed00000, 0x00000000fee00000, 0x00000000fee00000|100%| E|CS|TAMS 0x00000000fed00000, 0x00000000fed00000| Complete 
|  46|0x00000000fee00000, 0x00000000fef00000, 0x00000000fef00000|100%| E|CS|TAMS 0x00000000fee00000, 0x00000000fee00000| Complete 
|  47|0x00000000fef00000, 0x00000000ff000000, 0x00000000ff000000|100%| E|CS|TAMS 0x00000000fef00000, 0x00000000fef00000| Complete 
|  48|0x00000000ff000000, 0x00000000ff100000, 0x00000000ff100000|100%| E|CS|TAMS 0x00000000ff000000, 0x00000000ff000000| Complete 
|  49|0x00000000ff100000, 0x00000000ff200000, 0x00000000ff200000|100%| E|CS|TAMS 0x00000000ff100000, 0x00000000ff100000| Complete 
|  50|0x00000000ff200000, 0x00000000ff300000, 0x00000000ff300000|100%| E|CS|TAMS 0x00000000ff200000, 0x00000000ff200000| Complete 
|  51|0x00000000ff300000, 0x00000000ff400000, 0x00000000ff400000|100%| E|CS|TAMS 0x00000000ff300000, 0x00000000ff300000| Complete 
|  52|0x00000000ff400000, 0x00000000ff500000, 0x00000000ff500000|100%| E|CS|TAMS 0x00000000ff400000, 0x00000000ff400000| Complete 
|  53|0x00000000ff500000, 0x00000000ff600000, 0x00000000ff600000|100%| E|CS|TAMS 0x00000000ff500000, 0x00000000ff500000| Complete 
|  54|0x00000000ff600000, 0x00000000ff700000, 0x00000000ff700000|100%| E|CS|TAMS 0x00000000ff600000, 0x00000000ff600000| Complete 
|  55|0x00000000ff700000, 0x00000000ff800000, 0x00000000ff800000|100%| E|CS|TAMS 0x00000000ff700000, 0x00000000ff700000| Complete 
|  56|0x00000000ff800000, 0x00000000ff900000, 0x00000000ff900000|100%| E|CS|TAMS 0x00000000ff800000, 0x00000000ff800000| Complete 
|  57|0x00000000ff900000, 0x00000000ffa00000, 0x00000000ffa00000|100%| E|CS|TAMS 0x00000000ff900000, 0x00000000ff900000| Complete 
|  58|0x00000000ffa00000, 0x00000000ffb00000, 0x00000000ffb00000|100%| E|CS|TAMS 0x00000000ffa00000, 0x00000000ffa00000| Complete 
|  59|0x00000000ffb00000, 0x00000000ffc00000, 0x00000000ffc00000|100%| E|CS|TAMS 0x00000000ffb00000, 0x00000000ffb00000| Complete 
|  60|0x00000000ffc00000, 0x00000000ffd00000, 0x00000000ffd00000|100%| E|CS|TAMS 0x00000000ffc00000, 0x00000000ffc00000| Complete 
|  61|0x00000000ffd00000, 0x00000000ffe00000, 0x00000000ffe00000|100%| E|CS|TAMS 0x00000000ffd00000, 0x00000000ffd00000| Complete 
|  62|0x00000000ffe00000, 0x00000000fff00000, 0x00000000fff00000|100%| E|CS|TAMS 0x00000000ffe00000, 0x00000000ffe00000| Complete 
|  63|0x00000000fff00000, 0x0000000100000000, 0x0000000100000000|100%| E|CS|TAMS 0x00000000fff00000, 0x00000000fff00000| Complete 

Card table byte_map: [0x0000027d783d0000,0x0000027d783f0000] _byte_map_base: 0x0000027d77bf0000

Marking Bits (Prev, Next): (CMBitMap*) 0x0000027d7849dfb8, (CMBitMap*) 0x0000027d7849dff0
 Prev Bits: [0x0000027d7fe30000, 0x0000027d7ff30000)
 Next Bits: [0x0000027d0f000000, 0x0000027d0f100000)

Polling page: 0x0000027d764a0000

Metaspace:

Usage:
  Non-class:     13.51 MB capacity,    13.32 MB ( 99%) used,   177.00 KB (  1%) free+waste,    22.50 KB ( <1%) overhead. 
      Class:      1.88 MB capacity,     1.76 MB ( 94%) used,   109.57 KB (  6%) free+waste,    11.63 KB ( <1%) overhead. 
       Both:     15.39 MB capacity,    15.07 MB ( 98%) used,   286.57 KB (  2%) free+waste,    34.13 KB ( <1%) overhead. 

Virtual space:
  Non-class space:       14.00 MB reserved,      13.75 MB ( 98%) committed 
      Class space:        1.00 GB reserved,       1.88 MB ( <1%) committed 
             Both:        1.01 GB reserved,      15.63 MB (  2%) committed 

Chunk freelists:
   Non-Class:  6.50 KB
       Class:  0 bytes
        Both:  6.50 KB

CodeHeap 'non-profiled nmethods': size=120000Kb used=514Kb max_used=514Kb free=119485Kb
 bounds [0x0000027d07ad0000, 0x0000027d07d40000, 0x0000027d0f000000]
CodeHeap 'profiled nmethods': size=120000Kb used=2401Kb max_used=2401Kb free=117598Kb
 bounds [0x0000027d005a0000, 0x0000027d00810000, 0x0000027d07ad0000]
CodeHeap 'non-nmethods': size=5760Kb used=1114Kb max_used=1127Kb free=4646Kb
 bounds [0x0000027d00000000, 0x0000027d00270000, 0x0000027d005a0000]
 total_blobs=1737 nmethods=1316 adapters=333
 compilation: enabled
              stopped_count=0, restarted_count=0
 full_count=0

Compilation events (10 events):
Event: 15.214 Thread 0x0000027d12309800 1303       3       java.nio.ByteBuffer::flip (7 bytes)
Event: 15.214 Thread 0x0000027d12309800 nmethod 1303 0x0000027d007f4f10 code [0x0000027d007f50a0, 0x0000027d007f5218]
Event: 15.215 Thread 0x0000027d12309800 1305       3       java.lang.String::valueOf (14 bytes)
Event: 15.215 Thread 0x0000027d12309800 nmethod 1305 0x0000027d007f5310 code [0x0000027d007f54c0, 0x0000027d007f56c8]
Event: 15.218 Thread 0x0000027d12309800 1308       3       java.util.regex.Matcher::start (65 bytes)
Event: 15.219 Thread 0x0000027d12309800 nmethod 1308 0x0000027d007f5790 code [0x0000027d007f5a00, 0x0000027d007f6448]
Event: 15.219 Thread 0x0000027d12309800 1309       3       java.util.Formatter$Flags::contains (22 bytes)
Event: 15.220 Thread 0x0000027d12309800 nmethod 1309 0x0000027d007f6890 code [0x0000027d007f6a40, 0x0000027d007f6bf8]
Event: 15.220 Thread 0x0000027d12309800 1311       1       java.lang.invoke.InfoFromMemberName::getReferenceKind (5 bytes)
Event: 15.220 Thread 0x0000027d12309800 nmethod 1311 0x0000027d07b4df10 code [0x0000027d07b4e0a0, 0x0000027d07b4e158]

GC Heap History (2 events):
Event: 0.641 GC heap before
{Heap before GC invocations=0 (full 0):
 garbage-first heap   total 65536K, used 29696K [0x00000000fc000000, 0x0000000100000000)
  region size 1024K, 24 young (24576K), 0 survivors (0K)
 Metaspace       used 10368K, capacity 10591K, committed 10752K, reserved 1058816K
  class space    used 1070K, capacity 1167K, committed 1280K, reserved 1048576K
}
Event: 0.648 GC heap after
{Heap after GC invocations=1 (full 0):
 garbage-first heap   total 65536K, used 9400K [0x00000000fc000000, 0x0000000100000000)
  region size 1024K, 3 young (3072K), 3 survivors (3072K)
 Metaspace       used 10368K, capacity 10591K, committed 10752K, reserved 1058816K
  class space    used 1070K, capacity 1167K, committed 1280K, reserved 1048576K
}

Deoptimization events (10 events):
Event: 0.595 Thread 0x0000027d78485000 Uncommon trap: reason=class_check action=maybe_recompile pc=0x0000027d07aeaf08 method=java.util.regex.Matcher.match(II)Z @ 121 c2
Event: 0.595 Thread 0x0000027d78485000 Uncommon trap: reason=class_check action=maybe_recompile pc=0x0000027d07aeaf08 method=java.util.regex.Matcher.match(II)Z @ 121 c2
Event: 0.595 Thread 0x0000027d78485000 Uncommon trap: reason=class_check action=maybe_recompile pc=0x0000027d07aeaf08 method=java.util.regex.Matcher.match(II)Z @ 121 c2
Event: 0.596 Thread 0x0000027d78485000 Uncommon trap: reason=class_check action=maybe_recompile pc=0x0000027d07aeaf08 method=java.util.regex.Matcher.match(II)Z @ 121 c2
Event: 0.600 Thread 0x0000027d78485000 Uncommon trap: reason=unstable_if action=reinterpret pc=0x0000027d07b12734 method=java.util.HashMap.hash(Ljava/lang/Object;)I @ 1 c2
Event: 0.729 Thread 0x0000027d78485000 Uncommon trap: reason=bimorphic_or_optimized_type_check action=maybe_recompile pc=0x0000027d07b0370c method=java.util.HashMap.putVal(ILjava/lang/Object;Ljava/lang/Object;ZZ)Ljava/lang/Object; @ 91 c2
Event: 0.873 Thread 0x0000027d78485000 Uncommon trap: reason=unstable_if action=reinterpret pc=0x0000027d07b2b940 method=java.util.HashMap.getNode(ILjava/lang/Object;)Ljava/util/HashMap$Node; @ 129 c2
Event: 1.344 Thread 0x0000027d78485000 Uncommon trap: reason=unstable_if action=reinterpret pc=0x0000027d07b1fa10 method=java.io.WinNTFileSystem.normalize(Ljava/lang/String;)Ljava/lang/String; @ 128 c2
Event: 2.099 Thread 0x0000027d78485000 Uncommon trap: reason=unstable_if action=reinterpret pc=0x0000027d07b09c90 method=java.lang.AbstractStringBuilder.append(Ljava/lang/String;)Ljava/lang/AbstractStringBuilder; @ 1 c2
Event: 2.099 Thread 0x0000027d78485000 Uncommon trap: reason=unstable_if action=reinterpret pc=0x0000027d07b091e4 method=java.lang.AbstractStringBuilder.append(Ljava/lang/String;)Ljava/lang/AbstractStringBuilder; @ 1 c2

Classes redefined (0 events):
No events

Internal exceptions (10 events):
Event: 0.665 Thread 0x0000027d78485000 Exception <a 'java/lang/NoSuchMethodError'{0x00000000fffff988}: java.lang.invoke.DelegatingMethodHandle$Holder.delegate(Ljava/lang/Object;Ljava/lang/Object;ILjava/lang/Object;)V> (0x00000000fffff988) thrown at [./open/src/hotspot/share/interpreter/linkRes
Event: 0.760 Thread 0x0000027d78485000 Exception <a 'java/lang/NoSuchMethodError'{0x00000000ff816ff0}: java.lang.invoke.DirectMethodHandle$Holder.invokeInterface(Ljava/lang/Object;Ljava/lang/Object;Ljava/lang/Object;)Ljava/lang/Object;> (0x00000000ff816ff0) thrown at [./open/src/hotspot/share/
Event: 0.805 Thread 0x0000027d78485000 Exception <a 'java/lang/NoSuchMethodError'{0x00000000ff6bea88}: java.lang.invoke.DirectMethodHandle$Holder.invokeStaticInit(Ljava/lang/Object;Ljava/lang/Object;Ljava/lang/Object;)Ljava/lang/Object;> (0x00000000ff6bea88) thrown at [./open/src/hotspot/share
Event: 0.890 Thread 0x0000027d78485000 Exception <a 'java/lang/NoSuchMethodError'{0x00000000ff1b0ca8}: java.lang.invoke.DirectMethodHandle$Holder.invokeStaticInit(Ljava/lang/Object;IIII)Ljava/lang/Object;> (0x00000000ff1b0ca8) thrown at [./open/src/hotspot/share/interpreter/linkResolver.cpp, l
Event: 1.350 Thread 0x0000027d78485000 Exception <a 'java/lang/NoSuchMethodError'{0x00000000ff0137b8}: java.lang.invoke.DirectMethodHandle$Holder.invokeStaticInit(Ljava/lang/Object;Ljava/lang/Object;IIII)Ljava/lang/Object;> (0x00000000ff0137b8) thrown at [./open/src/hotspot/share/interpreter/l
Event: 2.099 Thread 0x0000027d78485000 Implicit null exception at 0x0000027d07b09774 to 0x0000027d07b09c78
Event: 2.099 Thread 0x0000027d78485000 Implicit null exception at 0x0000027d07b08cf4 to 0x0000027d07b091cc
Event: 15.195 Thread 0x0000027d78485000 Exception <a 'java/io/IOException'{0x00000000fed13500}> (0x00000000fed13500) thrown at [./open/src/hotspot/share/prims/jni.cpp, line 611]
Event: 15.205 Thread 0x0000027d78485000 Exception <a 'java/lang/NoSuchMethodError'{0x00000000fed598c8}: java.lang.invoke.DirectMethodHandle$Holder.invokeVirtual(Ljava/lang/Object;Ljava/lang/Object;)I> (0x00000000fed598c8) thrown at [./open/src/hotspot/share/interpreter/linkResolver.cpp, line 77
Event: 15.208 Thread 0x0000027d136a2000 Exception <a 'java/io/IOException'{0x00000000fee82be8}> (0x00000000fee82be8) thrown at [./open/src/hotspot/share/prims/jni.cpp, line 611]

Events (10 events):
Event: 15.219 loading class org/gradle/internal/logging/text/BufferingStyledTextOutput
Event: 15.219 loading class org/gradle/internal/logging/text/BufferingStyledTextOutput done
Event: 15.220 loading class org/gradle/internal/logging/text/StyledTextOutput
Event: 15.220 loading class org/gradle/internal/logging/text/StyledTextOutput done
Event: 15.220 loading class org/gradle/internal/logging/text/BufferingStyledTextOutput
Event: 15.220 loading class org/gradle/internal/logging/text/BufferingStyledTextOutput done
Event: 15.220 loading class org/gradle/internal/logging/text/BufferingStyledTextOutput$ChangeStyleAction
Event: 15.220 loading class org/gradle/internal/logging/text/BufferingStyledTextOutput$ChangeStyleAction done
Event: 15.221 loading class org/gradle/internal/logging/text/AbstractStyledTextOutput$StyleOverrideTextOutput
Event: 15.221 loading class org/gradle/internal/logging/text/AbstractStyledTextOutput$StyleOverrideTextOutput done


Dynamic libraries:
0x00007ff6cf140000 - 0x00007ff6cf14f000 	C:\Program Files\Java\jdk-11.0.14\bin\java.exe
0x00007ffcb6ef0000 - 0x00007ffcb70e8000 	C:\Windows\SYSTEM32\ntdll.dll
0x00007ffcb69d0000 - 0x00007ffcb6a91000 	C:\Windows\System32\KERNEL32.DLL
0x00007ffcb4a10000 - 0x00007ffcb4d06000 	C:\Windows\System32\KERNELBASE.dll
0x00007ffcb4890000 - 0x00007ffcb4990000 	C:\Windows\System32\ucrtbase.dll
0x00007ffca9280000 - 0x00007ffca9298000 	C:\Program Files\Java\jdk-11.0.14\bin\jli.dll
0x00007ffcab330000 - 0x00007ffcab345000 	C:\Program Files\Java\jdk-11.0.14\bin\VCRUNTIME140.dll
0x00007ffcb6aa0000 - 0x00007ffcb6b50000 	C:\Windows\System32\ADVAPI32.dll
0x00007ffcb5400000 - 0x00007ffcb549e000 	C:\Windows\System32\msvcrt.dll
0x00007ffcb68c0000 - 0x00007ffcb6960000 	C:\Windows\System32\sechost.dll
0x00007ffcb52a0000 - 0x00007ffcb53c3000 	C:\Windows\System32\RPCRT4.dll
0x00007ffcb4640000 - 0x00007ffcb4667000 	C:\Windows\System32\bcrypt.dll
0x00007ffcb5ea0000 - 0x00007ffcb603f000 	C:\Windows\System32\USER32.dll
0x00007ffcb4990000 - 0x00007ffcb49b2000 	C:\Windows\System32\win32u.dll
0x00007ffc96950000 - 0x00007ffc96bea000 	C:\Windows\WinSxS\amd64_microsoft.windows.common-controls_6595b64144ccf1df_6.0.19041.4355_none_60b8b9eb71f62e16\COMCTL32.dll
0x00007ffcb4f20000 - 0x00007ffcb4f4b000 	C:\Windows\System32\GDI32.dll
0x00007ffcb4670000 - 0x00007ffcb4787000 	C:\Windows\System32\gdi32full.dll
0x00007ffcb45a0000 - 0x00007ffcb463d000 	C:\Windows\System32\msvcp_win.dll
0x00007ffcaa4e0000 - 0x00007ffcaa4ea000 	C:\Windows\SYSTEM32\VERSION.dll
0x00007ffcb53d0000 - 0x00007ffcb53ff000 	C:\Windows\System32\IMM32.DLL
0x00007ffc774a0000 - 0x00007ffc7753b000 	C:\Program Files\Java\jdk-11.0.14\bin\msvcp140.dll
0x00007ffc2b280000 - 0x00007ffc2bd96000 	C:\Program Files\Java\jdk-11.0.14\bin\server\jvm.dll
0x00007ffcb5d80000 - 0x00007ffcb5d88000 	C:\Windows\System32\PSAPI.DLL
0x00007ffcab320000 - 0x00007ffcab329000 	C:\Windows\SYSTEM32\WSOCK32.dll
0x00007ffcb1b60000 - 0x00007ffcb1b87000 	C:\Windows\SYSTEM32\WINMM.dll
0x00007ffcb5580000 - 0x00007ffcb55eb000 	C:\Windows\System32\WS2_32.dll
0x00007ffcb2200000 - 0x00007ffcb2212000 	C:\Windows\SYSTEM32\kernel.appcore.dll
0x00007ffcb05b0000 - 0x00007ffcb05c0000 	C:\Program Files\Java\jdk-11.0.14\bin\verify.dll
0x00007ffcb18d0000 - 0x00007ffcb1ab4000 	C:\Windows\SYSTEM32\DBGHELP.DLL
0x00007ffcb1890000 - 0x00007ffcb18c4000 	C:\Windows\SYSTEM32\dbgcore.DLL
0x00007ffcb4790000 - 0x00007ffcb4812000 	C:\Windows\System32\bcryptPrimitives.dll
0x00007ffc7cfc0000 - 0x00007ffc7cfe8000 	C:\Program Files\Java\jdk-11.0.14\bin\java.dll
0x00007ffca1400000 - 0x00007ffca140a000 	C:\Program Files\Java\jdk-11.0.14\bin\jimage.dll
0x00007ffc809b0000 - 0x00007ffc809c6000 	C:\Program Files\Java\jdk-11.0.14\bin\zip.dll
0x00007ffcb5610000 - 0x00007ffcb5d7c000 	C:\Windows\System32\SHELL32.dll
0x00007ffcb2400000 - 0x00007ffcb2b9e000 	C:\Windows\SYSTEM32\windows.storage.dll
0x00007ffcb60f0000 - 0x00007ffcb6443000 	C:\Windows\System32\combase.dll
0x00007ffcb3e10000 - 0x00007ffcb3e3e000 	C:\Windows\SYSTEM32\Wldp.dll
0x00007ffcb6cd0000 - 0x00007ffcb6d9d000 	C:\Windows\System32\OLEAUT32.dll
0x00007ffcb6da0000 - 0x00007ffcb6e4d000 	C:\Windows\System32\SHCORE.dll
0x00007ffcb6e50000 - 0x00007ffcb6ea5000 	C:\Windows\System32\shlwapi.dll
0x00007ffcb44d0000 - 0x00007ffcb44f4000 	C:\Windows\SYSTEM32\profapi.dll
0x00007ffc7d130000 - 0x00007ffc7d149000 	C:\Program Files\Java\jdk-11.0.14\bin\net.dll
0x00007ffcace40000 - 0x00007ffcacf4a000 	C:\Windows\SYSTEM32\WINHTTP.dll
0x00007ffcb3bf0000 - 0x00007ffcb3c5a000 	C:\Windows\system32\mswsock.dll
0x00007ffc7aa60000 - 0x00007ffc7aa72000 	C:\Program Files\Java\jdk-11.0.14\bin\nio.dll
0x00007ffc9c530000 - 0x00007ffc9c557000 	C:\Users\Munir\.gradle\native\e1d6ef7f7dcc3fd88c89a11ec53ec762bb8ba0a96d01ffa2cd45eb1d1d8dd5c5\windows-amd64\native-platform.dll
0x00007ffca13f0000 - 0x00007ffca13f9000 	C:\Program Files\Java\jdk-11.0.14\bin\management.dll
0x00007ffc98f50000 - 0x00007ffc98f5b000 	C:\Program Files\Java\jdk-11.0.14\bin\management_ext.dll
0x00007ffcb3e50000 - 0x00007ffcb3e68000 	C:\Windows\SYSTEM32\CRYPTSP.dll
0x00007ffcb3530000 - 0x00007ffcb3564000 	C:\Windows\system32\rsaenh.dll
0x00007ffcb4480000 - 0x00007ffcb44ae000 	C:\Windows\SYSTEM32\USERENV.dll
0x00007ffcb3d80000 - 0x00007ffcb3d8c000 	C:\Windows\SYSTEM32\CRYPTBASE.dll
0x00007ffcb38f0000 - 0x00007ffcb392b000 	C:\Windows\SYSTEM32\IPHLPAPI.DLL
0x00007ffcb4f50000 - 0x00007ffcb4f58000 	C:\Windows\System32\NSI.dll
0x00007ffcaff50000 - 0x00007ffcaff67000 	C:\Windows\SYSTEM32\dhcpcsvc6.DLL
0x00007ffcafe70000 - 0x00007ffcafe8d000 	C:\Windows\SYSTEM32\dhcpcsvc.DLL
0x00007ffcb3930000 - 0x00007ffcb39fa000 	C:\Windows\SYSTEM32\DNSAPI.dll

dbghelp: loaded successfully - version: 4.0.5 - missing functions: none
symbol engine: initialized successfully - sym options: 0x614 - pdb path: .;C:\Program Files\Java\jdk-11.0.14\bin;C:\Windows\SYSTEM32;C:\Windows\WinSxS\amd64_microsoft.windows.common-controls_6595b64144ccf1df_6.0.19041.4355_none_60b8b9eb71f62e16;C:\Program Files\Java\jdk-11.0.14\bin\server;C:\Users\Munir\.gradle\native\e1d6ef7f7dcc3fd88c89a11ec53ec762bb8ba0a96d01ffa2cd45eb1d1d8dd5c5\windows-amd64

VM Arguments:
jvm_args: -Xmx64m -Xms64m -Dorg.gradle.appname=gradlew 
java_command: org.gradle.wrapper.GradleWrapperMain app:installDebug -PreactNativeDevServerPort=8081
java_class_path (initial): C:\Users\Munir\AwesomeProjectTest\android\\gradle\wrapper\gradle-wrapper.jar
Launcher Type: SUN_STANDARD

[Global flags]
     intx CICompilerCount                          = 4                                         {product} {ergonomic}
     uint ConcGCThreads                            = 2                                         {product} {ergonomic}
     uint G1ConcRefinementThreads                  = 8                                         {product} {ergonomic}
   size_t G1HeapRegionSize                         = 1048576                                   {product} {ergonomic}
    uintx GCDrainStackTargetSize                   = 64                                        {product} {ergonomic}
   size_t InitialHeapSize                          = 67108864                                  {product} {command line}
   size_t MarkStackSize                            = 4194304                                   {product} {ergonomic}
   size_t MaxHeapSize                              = 67108864                                  {product} {command line}
   size_t MaxNewSize                               = 39845888                                  {product} {ergonomic}
   size_t MinHeapDeltaBytes                        = 1048576                                   {product} {ergonomic}
    uintx NonNMethodCodeHeapSize                   = 5836300                                {pd product} {ergonomic}
    uintx NonProfiledCodeHeapSize                  = 122910970                              {pd product} {ergonomic}
    uintx ProfiledCodeHeapSize                     = 122910970                              {pd product} {ergonomic}
    uintx ReservedCodeCacheSize                    = 251658240                              {pd product} {ergonomic}
     bool SegmentedCodeCache                       = true                                      {product} {ergonomic}
     bool UseCompressedClassPointers               = true                                 {lp64_product} {ergonomic}
     bool UseCompressedOops                        = true                                 {lp64_product} {ergonomic}
     bool UseG1GC                                  = true                                      {product} {ergonomic}
     bool UseLargePagesIndividualAllocation        = false                                  {pd product} {ergonomic}

Logging:
Log output configuration:
 #0: stdout all=warning uptime,level,tags
 #1: stderr all=off uptime,level,tags

Environment Variables:
JAVA_HOME=C:\Program Files\Java\jdk-11.0.14
CLASSPATH=C:\Users\Munir\AwesomeProjectTest\android\\gradle\wrapper\gradle-wrapper.jar
PATH=C:\Users\Munir\AwesomeProjectTest\android\node_modules\.bin;C:\Users\Munir\AwesomeProjectTest\node_modules\.bin;C:\Users\Munir\node_modules\.bin;C:\Users\node_modules\.bin;C:\node_modules\.bin;C:\Program Files\nodejs;C:\Users\Munir\AwesomeProjectTest\node_modules\.bin;C:\Users\Munir\AwesomeProjectTest\node_modules\.bin;C:\Users\Munir\node_modules\.bin;C:\Users\node_modules\.bin;C:\node_modules\.bin;C:\Users\Munir\AppData\Roaming\npm\node_modules\npm\node_modules\@npmcli\run-script\lib\node-gyp-bin;C:\Users\Munir\AwesomeProjectTest\node_modules\.bin;C:\Users\Munir\node_modules\.bin;C:\Users\node_modules\.bin;C:\node_modules\.bin;C:\Program Files\nodejs;C:\Users\Munir\AwesomeProjectTest\node_modules\.bin;C:\Users\Munir\node_modules\.bin;C:\Users\node_modules\.bin;C:\node_modules\.bin;C:\Users\Munir\AppData\Roaming\npm\node_modules\npm\node_modules\@npmcli\run-script\lib\node-gyp-bin;C:\Program Files\Common Files\Oracle\Java\javapath;C:\Program Files\Microsoft\jdk-11.0.16.101-hotspot\bin;C:\Windows\system32;C:\Windows;C:\Windows\System32\Wbem;C:\Windows\System32\WindowsPowerShell\v1.0\;C:\Windows\System32\OpenSSH\;C:\Program Files\dotnet\;C:\Program Files\Microsoft SQL Server\Client SDK\ODBC\170\Tools\Binn\;C:\Program Files\Microsoft SQL Server\150\Tools\Binn\;C:\Program Files (x86)\Microsoft SQL Server\160\DTS\Binn\;C:\Program Files\Azure Data Studio\bin;C:\Program Files\Git\cmd;C:\Program Files\nodejs\;C:\Users\Munir\AppData\Local\Microsoft\WindowsApps;C:\Users\Munir\.dotnet\tools;C:\Program Files\Azure Data Studio\bin;C:\Users\Munir\AppData\Local\Programs\Microsoft VS Code\bin;C:\Users\Munir\AppData\Local\Android\Sdk\platform-tools;C:\Program Files\Git\bin;C:\Users\Munir\AppData\Local\GitHubDesktop\bin;C:\Users\Munir\AppData\Roaming\npm
USERNAME=Munir
OS=Windows_NT
PROCESSOR_IDENTIFIER=Intel64 Family 6 Model 126 Stepping 5, GenuineIntel



---------------  S Y S T E M  ---------------

OS: Windows 10 , 64 bit Build 19041 (10.0.19041.4597)
Hyper-V role detected

CPU:total 8 (initial active 8) (4 cores per cpu, 2 threads per core) family 6 model 126 stepping 5 microcode 0xc2, cmov, cx8, fxsr, mmx, sse, sse2, sse3, ssse3, sse4.1, sse4.2, popcnt, avx, avx2, aes, clmul, erms, 3dnowpref, lzcnt, ht, tsc, tscinvbit, bmi1, bmi2, adx, evex, sha, fma

Memory: 4k page, system-wide physical 16151M (1703M free)
TotalPageFile size 18199M (AvailPageFile size 5M)
current process WorkingSet (physical memory assigned to process): 92M, peak: 97M
current process commit charge ("private bytes"): 163M, peak: 167M

vm_info: Java HotSpot(TM) 64-Bit Server VM (11.0.14+8-LTS-263) for windows-amd64 JRE (11.0.14+8-LTS-263), built on Dec  7 2021 21:53:57 by "mach5one" with MS VC++ 15.9 (VS2017)

END.
